<?xml version="1.0" encoding="UTF-8"?>
<testsuite name="com.jojoldu.book.springboot.web.HelloControllerTest" tests="2" skipped="0" failures="0" errors="0" timestamp="2021-08-11T08:36:23" hostname="DESKTOP-1T2GHHE" time="0.045">
  <properties/>
  <testcase name="hello가_리턴된다" classname="com.jojoldu.book.springboot.web.HelloControllerTest" time="0.014"/>
  <testcase name="helloDto가_리턴된다" classname="com.jojoldu.book.springboot.web.HelloControllerTest" time="0.031"/>
  <system-out><![CDATA[2021-08-11 17:36:22.305  INFO 49548 --- [    Test worker] .b.t.a.w.s.WebMvcTestContextBootstrapper : Neither @ContextConfiguration nor @ContextHierarchy found for test class [com.jojoldu.book.springboot.web.HelloControllerTest], using SpringBootContextLoader
2021-08-11 17:36:22.307  INFO 49548 --- [    Test worker] o.s.t.c.support.AbstractContextLoader    : Could not detect default resource locations for test class [com.jojoldu.book.springboot.web.HelloControllerTest]: no resource found for suffixes {-context.xml, Context.groovy}.
2021-08-11 17:36:22.307  INFO 49548 --- [    Test worker] t.c.s.AnnotationConfigContextLoaderUtils : Could not detect default configuration classes for test class [com.jojoldu.book.springboot.web.HelloControllerTest]: HelloControllerTest does not declare any static, non-private, non-final, nested classes annotated with @Configuration.
2021-08-11 17:36:22.320  INFO 49548 --- [    Test worker] .b.t.c.SpringBootTestContextBootstrapper : Found @SpringBootConfiguration com.jojoldu.book.springboot.Application for test class com.jojoldu.book.springboot.web.HelloControllerTest
2021-08-11 17:36:22.320  INFO 49548 --- [    Test worker] .b.t.a.w.s.WebMvcTestContextBootstrapper : Loaded default TestExecutionListener class names from location [META-INF/spring.factories]: [org.springframework.security.test.context.support.WithSecurityContextTestExecutionListener, org.springframework.security.test.context.support.ReactorContextTestExecutionListener, org.springframework.boot.test.autoconfigure.restdocs.RestDocsTestExecutionListener, org.springframework.boot.test.autoconfigure.web.client.MockRestServiceServerResetTestExecutionListener, org.springframework.boot.test.autoconfigure.web.servlet.MockMvcPrintOnlyOnFailureTestExecutionListener, org.springframework.boot.test.autoconfigure.web.servlet.WebDriverTestExecutionListener, org.springframework.boot.test.mock.mockito.MockitoTestExecutionListener, org.springframework.boot.test.mock.mockito.ResetMocksTestExecutionListener, org.springframework.test.context.web.ServletTestExecutionListener, org.springframework.test.context.support.DirtiesContextBeforeModesTestExecutionListener, org.springframework.test.context.support.DependencyInjectionTestExecutionListener, org.springframework.test.context.support.DirtiesContextTestExecutionListener, org.springframework.test.context.transaction.TransactionalTestExecutionListener, org.springframework.test.context.jdbc.SqlScriptsTestExecutionListener]
2021-08-11 17:36:22.321  INFO 49548 --- [    Test worker] .b.t.a.w.s.WebMvcTestContextBootstrapper : Using TestExecutionListeners: [org.springframework.test.context.web.ServletTestExecutionListener@7db7e323, org.springframework.test.context.support.DirtiesContextBeforeModesTestExecutionListener@85cff43, org.springframework.boot.test.mock.mockito.MockitoTestExecutionListener@4bd5f1e3, org.springframework.boot.test.autoconfigure.SpringBootDependencyInjectionTestExecutionListener@3f32911e, org.springframework.test.context.support.DirtiesContextTestExecutionListener@7d5ec320, org.springframework.test.context.transaction.TransactionalTestExecutionListener@12979d2f, org.springframework.test.context.jdbc.SqlScriptsTestExecutionListener@76293c77, org.springframework.security.test.context.support.WithSecurityContextTestExecutionListener@5d38e9cd, org.springframework.security.test.context.support.ReactorContextTestExecutionListener@56747689, org.springframework.boot.test.autoconfigure.restdocs.RestDocsTestExecutionListener@7824f78d, org.springframework.boot.test.autoconfigure.web.client.MockRestServiceServerResetTestExecutionListener@47d1a67a, org.springframework.boot.test.autoconfigure.web.servlet.MockMvcPrintOnlyOnFailureTestExecutionListener@5dbd49cc, org.springframework.boot.test.autoconfigure.web.servlet.WebDriverTestExecutionListener@2808accc, org.springframework.boot.test.mock.mockito.ResetMocksTestExecutionListener@774fbedf]

  .   ____          _            __ _ _
 /\\ / ___'_ __ _ _(_)_ __  __ _ \ \ \ \
( ( )\___ | '_ | '_| | '_ \/ _` | \ \ \ \
 \\/  ___)| |_)| | | | | || (_| |  ) ) ) )
  '  |____| .__|_| |_|_| |_\__, | / / / /
 =========|_|==============|___/=/_/_/_/
 :: Spring Boot ::        (v2.1.7.RELEASE)

2021-08-11 17:36:22.370  INFO 49548 --- [    Test worker] c.j.b.s.web.HelloControllerTest          : Starting HelloControllerTest on DESKTOP-1T2GHHE with PID 49548 (started by Muto in C:\Users\Muto\Documents\study\webservice)
2021-08-11 17:36:22.370  INFO 49548 --- [    Test worker] c.j.b.s.web.HelloControllerTest          : No active profile set, falling back to default profiles: default
2021-08-11 17:36:22.898  INFO 49548 --- [    Test worker] o.s.s.concurrent.ThreadPoolTaskExecutor  : Initializing ExecutorService 'applicationTaskExecutor'
2021-08-11 17:36:22.936  INFO 49548 --- [    Test worker] o.s.b.a.w.s.WelcomePageHandlerMapping    : Adding welcome page template: index
2021-08-11 17:36:23.164  INFO 49548 --- [    Test worker] .s.s.UserDetailsServiceAutoConfiguration : 

Using generated security password: 51ca2566-54db-496f-a0d7-55a6aa3ec130

2021-08-11 17:36:23.336  INFO 49548 --- [    Test worker] o.s.s.web.DefaultSecurityFilterChain     : Creating filter chain: any request, [org.springframework.security.web.context.request.async.WebAsyncManagerIntegrationFilter@112dee8a, org.springframework.security.web.context.SecurityContextPersistenceFilter@676f0179, org.springframework.security.web.header.HeaderWriterFilter@6e893f78, org.springframework.security.web.csrf.CsrfFilter@2d94be65, org.springframework.security.web.authentication.logout.LogoutFilter@3adb87d, org.springframework.security.web.authentication.UsernamePasswordAuthenticationFilter@431029d2, org.springframework.security.web.authentication.ui.DefaultLoginPageGeneratingFilter@6992f08e, org.springframework.security.web.authentication.ui.DefaultLogoutPageGeneratingFilter@7b00f15b, org.springframework.security.web.authentication.www.BasicAuthenticationFilter@20c50455, org.springframework.security.web.savedrequest.RequestCacheAwareFilter@1eeb16aa, org.springframework.security.web.servletapi.SecurityContextHolderAwareRequestFilter@393e88f0, org.springframework.security.web.authentication.AnonymousAuthenticationFilter@73efa5c2, org.springframework.security.web.session.SessionManagementFilter@66e6d35a, org.springframework.security.web.access.ExceptionTranslationFilter@44fa658, org.springframework.security.web.access.intercept.FilterSecurityInterceptor@3f1d8e54]
2021-08-11 17:36:23.353  INFO 49548 --- [    Test worker] o.s.b.t.m.w.SpringBootMockServletContext : Initializing Spring TestDispatcherServlet ''
2021-08-11 17:36:23.353  INFO 49548 --- [    Test worker] o.s.t.web.servlet.TestDispatcherServlet  : Initializing Servlet ''
2021-08-11 17:36:23.362  INFO 49548 --- [    Test worker] o.s.t.web.servlet.TestDispatcherServlet  : Completed initialization in 9 ms
2021-08-11 17:36:23.390  INFO 49548 --- [    Test worker] c.j.b.s.web.HelloControllerTest          : Started HelloControllerTest in 1.067 seconds (JVM running for 13.163)
]]></system-out>
  <system-err><![CDATA[]]></system-err>
</testsuite>
